TN:
SF:src\utils\parser\CSVParser.js
FN:9,CSVParser
FN:17,parse
FN:40,checkRowsConsistency
FN:54,CSVToArray
FNF:4
FNH:4
FNDA:15,CSVParser
FNDA:14,parse
FNDA:12,checkRowsConsistency
FNDA:13,CSVToArray
DA:1,1
DA:2,1
DA:3,1
DA:4,1
DA:5,1
DA:6,1
DA:7,1
DA:8,1
DA:9,1
DA:10,15
DA:11,15
DA:12,1
DA:13,1
DA:14,1
DA:15,1
DA:16,1
DA:17,1
DA:18,14
DA:19,13
DA:20,13
DA:21,13
DA:22,12
DA:23,11
DA:24,11
DA:25,1
DA:26,1
DA:27,13
DA:28,1
DA:29,1
DA:30,14
DA:31,1
DA:32,1
DA:33,14
DA:34,1
DA:35,1
DA:36,1
DA:37,1
DA:38,1
DA:39,1
DA:40,1
DA:41,12
DA:42,12
DA:43,12
DA:44,1
DA:45,1
DA:46,1
DA:47,1
DA:48,1
DA:49,1
DA:50,1
DA:51,1
DA:52,1
DA:53,1
DA:54,1
DA:55,13
DA:56,13
DA:57,13
DA:58,13
DA:59,13
DA:60,13
DA:61,13
DA:62,13
DA:63,13
DA:64,13
DA:65,13
DA:66,13
DA:67,13
DA:68,13
DA:69,13
DA:70,13
DA:71,13
DA:72,13
DA:73,13
DA:74,13
DA:75,13
DA:76,13
DA:77,13
DA:78,13
DA:79,13
DA:80,13
DA:81,13
DA:82,13
DA:83,13
DA:84,1
DA:85,1
DA:86,12
DA:87,12
DA:88,12
DA:89,13
DA:90,209
DA:91,209
DA:92,209
DA:93,209
DA:94,209
DA:95,209
DA:96,209
DA:97,209
DA:98,209
DA:99,197
DA:100,209
DA:101,23
DA:102,23
DA:103,23
DA:104,23
DA:105,209
DA:106,209
DA:107,209
DA:108,209
DA:109,209
DA:110,209
DA:111,209
DA:112,1
DA:113,1
DA:114,1
DA:115,1
DA:116,1
DA:117,1
DA:118,209
DA:119,208
DA:120,208
DA:121,208
DA:122,209
DA:123,209
DA:124,209
DA:125,209
DA:126,209
DA:127,12
DA:128,12
DA:129,12
DA:130,12
DA:131,1
DA:132,1
DA:133,1
LF:133
LH:133
BRDA:9,0,0,15
BRDA:17,1,0,14
BRDA:18,2,0,13
BRDA:21,3,0,12
BRDA:22,4,0,11
BRDA:25,5,0,1
BRDA:27,6,0,1
BRDA:30,7,0,1
BRDA:40,8,0,12
BRDA:42,9,0,34
BRDA:54,10,0,13
BRDA:83,11,0,1
BRDA:86,12,0,12
BRDA:89,13,0,209
BRDA:98,14,0,197
BRDA:100,15,0,23
BRDA:111,16,0,1
BRDA:118,17,0,208
BRDA:127,18,0,12
BRF:19
BRH:19
end_of_record
TN:
SF:src\utils\parser\DataParser.js
FN:17,DataParser
FN:26,parse
FN:55,parseByFileExtension
FNF:3
FNH:3
FNDA:8,DataParser
FNDA:16,parse
FNDA:4,parseByFileExtension
DA:1,1
DA:2,1
DA:3,1
DA:4,1
DA:5,1
DA:6,1
DA:7,1
DA:8,1
DA:9,1
DA:10,1
DA:11,1
DA:12,1
DA:13,1
DA:14,1
DA:15,1
DA:16,1
DA:17,1
DA:18,8
DA:19,8
DA:20,8
DA:21,1
DA:22,1
DA:23,1
DA:24,1
DA:25,1
DA:26,1
DA:27,16
DA:28,16
DA:29,16
DA:30,16
DA:31,16
DA:32,16
DA:33,16
DA:34,16
DA:35,16
DA:36,16
DA:37,16
DA:38,16
DA:39,16
DA:40,16
DA:41,16
DA:42,16
DA:43,16
DA:44,16
DA:45,16
DA:46,16
DA:47,16
DA:48,16
DA:49,16
DA:50,1
DA:51,1
DA:52,1
DA:53,1
DA:54,1
DA:55,1
DA:56,4
DA:57,4
DA:58,4
DA:59,4
DA:60,4
DA:61,4
DA:62,4
DA:63,4
DA:64,4
DA:65,4
DA:66,4
DA:67,4
DA:68,4
DA:69,4
DA:70,4
DA:71,1
DA:72,1
DA:73,1
LF:73
LH:73
BRDA:17,0,0,8
BRDA:26,1,0,16
BRDA:28,2,0,1
BRDA:29,3,0,2
BRDA:30,4,0,3
BRDA:31,5,0,4
BRDA:32,6,0,5
BRDA:33,7,0,6
BRDA:34,8,0,7
BRDA:35,9,0,8
BRDA:38,10,0,1
BRDA:39,11,0,2
BRDA:42,12,0,1
BRDA:43,13,0,2
BRDA:46,14,0,4
BRDA:55,15,0,4
BRDA:58,16,0,1
BRDA:61,17,0,1
BRDA:64,18,0,1
BRDA:67,19,0,1
BRF:20
BRH:20
end_of_record
TN:
SF:src\utils\parser\FileTypes.js
FNF:0
FNH:0
DA:1,1
DA:2,1
DA:3,1
DA:4,1
DA:5,1
DA:6,1
DA:7,1
DA:8,1
DA:9,1
DA:10,1
DA:11,1
DA:12,1
LF:12
LH:12
BRF:0
BRH:0
end_of_record
TN:
SF:src\utils\parser\JSONParser.js
FN:15,JSONParser
FN:23,parse
FN:45,checkJSONSchema
FN:61,getHeadersFromFieldNames
FN:78,camelCaseToTitleCase
FNF:5
FNH:5
FNDA:13,JSONParser
FNDA:7,parse
FNDA:8,checkJSONSchema
FNDA:7,getHeadersFromFieldNames
FNDA:36,camelCaseToTitleCase
DA:1,1
DA:2,1
DA:3,1
DA:4,1
DA:5,1
DA:6,1
DA:7,1
DA:8,1
DA:9,1
DA:10,1
DA:11,1
DA:12,1
DA:13,1
DA:14,1
DA:15,1
DA:16,13
DA:17,13
DA:18,1
DA:19,1
DA:20,1
DA:21,1
DA:22,1
DA:23,1
DA:24,7
DA:25,7
DA:26,5
DA:27,5
DA:28,5
DA:29,5
DA:30,4
DA:31,4
DA:32,4
DA:33,1
DA:34,1
DA:35,1
DA:36,1
DA:37,1
DA:38,1
DA:39,1
DA:40,1
DA:41,1
DA:42,1
DA:43,1
DA:44,1
DA:45,1
DA:46,8
DA:47,7
DA:48,7
DA:49,7
DA:50,7
DA:51,1
DA:52,1
DA:53,1
DA:54,1
DA:55,1
DA:56,1
DA:57,1
DA:58,1
DA:59,1
DA:60,1
DA:61,1
DA:62,7
DA:63,6
DA:64,6
DA:65,6
DA:66,6
DA:67,1
DA:68,1
DA:69,1
DA:70,1
DA:71,1
DA:72,1
DA:73,1
DA:74,1
DA:75,1
DA:76,1
DA:77,1
DA:78,1
DA:79,36
DA:80,36
DA:81,36
DA:82,36
DA:83,36
DA:84,36
DA:85,36
DA:86,36
DA:87,36
DA:88,36
DA:89,36
DA:90,36
DA:91,36
DA:92,36
DA:93,36
DA:94,36
DA:95,36
DA:96,36
DA:97,36
DA:98,36
DA:99,1
DA:100,1
DA:101,1
LF:101
LH:101
BRDA:15,0,0,13
BRDA:23,1,0,7
BRDA:25,2,0,5
BRDA:29,3,0,4
BRDA:33,4,0,1
BRDA:36,5,0,1
BRDA:30,6,0,8
BRDA:45,7,0,8
BRDA:46,8,0,7
BRDA:46,9,0,7
BRDA:48,10,0,5
BRDA:51,11,0,1
BRDA:48,12,0,14
BRDA:49,13,0,10
BRDA:49,14,0,60
BRDA:61,15,0,7
BRDA:62,16,0,6
BRDA:67,17,0,1
BRDA:65,18,0,36
BRDA:78,19,0,36
BRF:20
BRH:20
end_of_record
TN:
SF:src\utils\parser\MimeTypes.js
FNF:0
FNH:0
DA:1,1
DA:2,1
DA:3,1
DA:4,1
DA:5,1
DA:6,1
DA:7,1
DA:8,1
DA:9,1
DA:10,1
DA:11,1
DA:12,1
DA:13,1
DA:14,1
DA:15,1
DA:16,1
DA:17,1
DA:18,1
DA:19,1
DA:20,1
DA:21,1
DA:22,1
DA:23,1
DA:24,1
DA:25,1
LF:25
LH:25
BRF:0
BRH:0
end_of_record
TN:
SF:src\utils\parser\TextParser.js
FN:9,TextParser
FN:17,parse
FNF:2
FNH:2
FNDA:5,TextParser
FNDA:4,parse
DA:1,1
DA:2,1
DA:3,1
DA:4,1
DA:5,1
DA:6,1
DA:7,1
DA:8,1
DA:9,1
DA:10,5
DA:11,5
DA:12,1
DA:13,1
DA:14,1
DA:15,1
DA:16,1
DA:17,1
DA:18,4
DA:19,4
DA:20,4
DA:21,4
DA:22,4
DA:23,4
DA:24,52
DA:25,4
DA:26,4
DA:27,52
DA:28,48
DA:29,48
DA:30,48
DA:31,52
DA:32,4
DA:33,4
DA:34,4
DA:35,1
DA:36,1
DA:37,1
LF:37
LH:37
BRDA:9,0,0,5
BRDA:17,1,0,4
BRDA:23,2,0,52
BRDA:24,3,0,4
BRDA:27,4,0,48
BRF:5
BRH:5
end_of_record
